<?xml version="1.0" encoding="UTF-8"?>
<testsuite xmlns:xsi="http://www.w3.org/2001/XMLSchema-instance" xsi:noNamespaceSchemaLocation="https://maven.apache.org/surefire/maven-surefire-plugin/xsd/surefire-test-report.xsd" name="game.gameobject.entity.PlayerTest" time="0.021" tests="2" errors="0" skipped="0" failures="0">
  <properties>
[...]
</properties>
  <testcase name="damaged_LessHPByOne_PlayerFullHealthDamagedTwiceAtOnce" classname="game.gameobject.entity.PlayerTest" time="0.01"/>
  <testcase name="damaged_LessHPByOne_PlayerFullHealth" classname="game.gameobject.entity.PlayerTest" time="0"/>
</testsuite>